<?xml version="1.0" encoding="UTF-8"?>
<!-- Generated by org.testng.reporters.JUnitXMLReporter -->
<testsuite hostname="DESKTOP-7H8BUQL" ignored="0" name="Default test" tests="1" failures="0" timestamp="2020-12-07T14:51:24 IST" time="0.152" errors="0">
  <testcase name="@BeforeClass openBrowser" time="0.018" classname="com.vtiger.genericlibrary.BaseTest">
    <failure type="java.io.FileNotFoundException" message="D:\mynotepad\Selenium Notes\SeleniumPrg\vtiger_maven\src\test\resources\Data\config.properties (The system cannot find the path specified)">
      <![CDATA[java.io.FileNotFoundException: D:\mynotepad\Selenium Notes\SeleniumPrg\vtiger_maven\src\test\resources\Data\config.properties (The system cannot find the path specified)
at java.io.FileInputStream.open0(Native Method)
at java.io.FileInputStream.open(Unknown Source)
at java.io.FileInputStream.<init>(Unknown Source)
at java.io.FileInputStream.<init>(Unknown Source)
at com.vtiger.genericlibrary.FileLib.getPropKeyValue(FileLib.java:25)
at com.vtiger.genericlibrary.BaseTest.openBrowser(BaseTest.java:32)
at sun.reflect.NativeMethodAccessorImpl.invoke0(Native Method)
at sun.reflect.NativeMethodAccessorImpl.invoke(Unknown Source)
at sun.reflect.DelegatingMethodAccessorImpl.invoke(Unknown Source)
at java.lang.reflect.Method.invoke(Unknown Source)
at org.testng.internal.MethodInvocationHelper.invokeMethod(MethodInvocationHelper.java:132)
at org.testng.internal.MethodInvocationHelper.invokeMethodConsideringTimeout(MethodInvocationHelper.java:61)
at org.testng.internal.ConfigInvoker.invokeConfigurationMethod(ConfigInvoker.java:366)
at org.testng.internal.ConfigInvoker.invokeConfigurations(ConfigInvoker.java:320)
at org.testng.internal.TestMethodWorker.invokeBeforeClassMethods(TestMethodWorker.java:176)
at org.testng.internal.TestMethodWorker.run(TestMethodWorker.java:122)
at java.util.ArrayList.forEach(Unknown Source)
at org.testng.TestRunner.privateRun(TestRunner.java:764)
at org.testng.TestRunner.run(TestRunner.java:585)
at org.testng.SuiteRunner.runTest(SuiteRunner.java:384)
at org.testng.SuiteRunner.runSequentially(SuiteRunner.java:378)
at org.testng.SuiteRunner.privateRun(SuiteRunner.java:337)
at org.testng.SuiteRunner.run(SuiteRunner.java:286)
at org.testng.SuiteRunnerWorker.runSuite(SuiteRunnerWorker.java:53)
at org.testng.SuiteRunnerWorker.run(SuiteRunnerWorker.java:96)
at org.testng.TestNG.runSuitesSequentially(TestNG.java:1218)
at org.testng.TestNG.runSuitesLocally(TestNG.java:1140)
at org.testng.TestNG.runSuites(TestNG.java:1069)
at org.testng.TestNG.run(TestNG.java:1037)
at org.testng.remote.AbstractRemoteTestNG.run(AbstractRemoteTestNG.java:115)
at org.testng.remote.RemoteTestNG.initAndRun(RemoteTestNG.java:251)
at org.testng.remote.RemoteTestNG.main(RemoteTestNG.java:77)
]]>
    </failure>
  </testcase> <!-- @BeforeClass openBrowser -->
  <testcase name="@BeforeMethod clickLogin" time="-1.607332884472E9" classname="com.vtiger.genericlibrary.BaseTest">
    <skipped/>
  </testcase> <!-- @BeforeMethod clickLogin -->
  <testcase name="@AfterMethod signOut" time="-1.60733288449E9" classname="com.vtiger.genericlibrary.BaseTest">
    <skipped/>
  </testcase> <!-- @AfterMethod signOut -->
  <testcase name="@AfterClass closeBrowser" time="-1.607332884496E9" classname="com.vtiger.genericlibrary.BaseTest">
    <skipped/>
  </testcase> <!-- @AfterClass closeBrowser -->
  <testcase name="addNewBlock" time="0.0" classname="vtiger_maven.test_scripts.AddBlockInLayoutEditorSettingTest">
    <skipped/>
  </testcase> <!-- addNewBlock -->
</testsuite> <!-- Default test -->
