<?xml version="1.0" encoding="UTF-8"?>
<!-- Generated by org.testng.reporters.JUnitXMLReporter -->
<testsuite hostname="User-PC" ignored="0" name="Test" tests="30" failures="0" timestamp="05 Dec 2020 06:42:30 GMT" time="80.59" errors="0">
  <testcase name="@BeforeMethod clickLogin" time="3.322" classname="com.vtiger.genericlibrary.BaseTest">
    <failure type="org.openqa.selenium.StaleElementReferenceException" message="stale element reference: element is not attached to the page document
  (Session info: chrome=87.0.4280.88)
For documentation on this error, please visit: https://www.seleniumhq.org/exceptions/stale_element_reference.html
Build info: version: &amp;apos;3.141.59&amp;apos;, revision: &amp;apos;e82be7d358&amp;apos;, time: &amp;apos;2018-11-14T08:17:03&amp;apos;
System info: host: &amp;apos;USER-PC&amp;apos;, ip: &amp;apos;192.168.139.1&amp;apos;, os.name: &amp;apos;Windows 7&amp;apos;, os.arch: &amp;apos;amd64&amp;apos;, os.version: &amp;apos;6.1&amp;apos;, java.version: &amp;apos;1.8.0_251&amp;apos;
Driver info: org.openqa.selenium.chrome.ChromeDriver
Capabilities {acceptInsecureCerts: false, browserName: chrome, browserVersion: 87.0.4280.88, chrome: {chromedriverVersion: 87.0.4280.20 (c99e81631faa0..., userDataDir: C:\Users\User\AppData\Local...}, goog:chromeOptions: {debuggerAddress: localhost:1574}, javascriptEnabled: true, networkConnectionEnabled: false, pageLoadStrategy: normal, platform: WINDOWS, platformName: WINDOWS, proxy: Proxy(), setWindowRect: true, strictFileInteractability: false, timeouts: {implicit: 0, pageLoad: 300000, script: 30000}, unhandledPromptBehavior: dismiss and notify, webauthn:virtualAuthenticators: true}
Session ID: d587c82f0bed3eb52f01f63223c51915">
      <![CDATA[org.openqa.selenium.StaleElementReferenceException: stale element reference: element is not attached to the page document
  (Session info: chrome=87.0.4280.88)
For documentation on this error, please visit: https://www.seleniumhq.org/exceptions/stale_element_reference.html
Build info: version: '3.141.59', revision: 'e82be7d358', time: '2018-11-14T08:17:03'
System info: host: 'USER-PC', ip: '192.168.139.1', os.name: 'Windows 7', os.arch: 'amd64', os.version: '6.1', java.version: '1.8.0_251'
Driver info: org.openqa.selenium.chrome.ChromeDriver
Capabilities {acceptInsecureCerts: false, browserName: chrome, browserVersion: 87.0.4280.88, chrome: {chromedriverVersion: 87.0.4280.20 (c99e81631faa0..., userDataDir: C:\Users\User\AppData\Local...}, goog:chromeOptions: {debuggerAddress: localhost:1574}, javascriptEnabled: true, networkConnectionEnabled: false, pageLoadStrategy: normal, platform: WINDOWS, platformName: WINDOWS, proxy: Proxy(), setWindowRect: true, strictFileInteractability: false, timeouts: {implicit: 0, pageLoad: 300000, script: 30000}, unhandledPromptBehavior: dismiss and notify, webauthn:virtualAuthenticators: true}
Session ID: d587c82f0bed3eb52f01f63223c51915
	at org.openqa.selenium.remote.http.W3CHttpResponseCodec.createException(W3CHttpResponseCodec.java:187)
	at org.openqa.selenium.remote.http.W3CHttpResponseCodec.decode(W3CHttpResponseCodec.java:122)
	at org.openqa.selenium.remote.http.W3CHttpResponseCodec.decode(W3CHttpResponseCodec.java:49)
	at org.openqa.selenium.remote.HttpCommandExecutor.execute(HttpCommandExecutor.java:158)
	at org.openqa.selenium.remote.service.DriverCommandExecutor.execute(DriverCommandExecutor.java:83)
	at org.openqa.selenium.remote.RemoteWebDriver.execute(RemoteWebDriver.java:552)
	at org.openqa.selenium.remote.RemoteWebElement.execute(RemoteWebElement.java:285)
	at org.openqa.selenium.remote.RemoteWebElement.sendKeys(RemoteWebElement.java:106)
	at org.openqa.selenium.support.pagefactory.internal.LocatingElementHandler.invoke(LocatingElementHandler.java:51)
	at com.sun.proxy.$Proxy12.sendKeys(Unknown Source)
	at com.vtiger.pageObjectRepository.LoginPage.login(LoginPage.java:44)
	at com.vtiger.genericlibrary.BaseTest.clickLogin(BaseTest.java:61)
	at java.util.concurrent.ThreadPoolExecutor.runWorker(Unknown Source)
	at java.util.concurrent.ThreadPoolExecutor$Worker.run(Unknown Source)
	at java.lang.Thread.run(Unknown Source)
... Removed 20 stack frames]]>
    </failure>
  </testcase> <!-- @BeforeMethod clickLogin -->
  <testcase name="@BeforeMethod clickLogin" time="4.235" classname="com.vtiger.genericlibrary.BaseTest">
    <failure type="org.openqa.selenium.StaleElementReferenceException" message="stale element reference: element is not attached to the page document
  (Session info: chrome=87.0.4280.88)
For documentation on this error, please visit: https://www.seleniumhq.org/exceptions/stale_element_reference.html
Build info: version: &amp;apos;3.141.59&amp;apos;, revision: &amp;apos;e82be7d358&amp;apos;, time: &amp;apos;2018-11-14T08:17:03&amp;apos;
System info: host: &amp;apos;USER-PC&amp;apos;, ip: &amp;apos;192.168.139.1&amp;apos;, os.name: &amp;apos;Windows 7&amp;apos;, os.arch: &amp;apos;amd64&amp;apos;, os.version: &amp;apos;6.1&amp;apos;, java.version: &amp;apos;1.8.0_251&amp;apos;
Driver info: org.openqa.selenium.chrome.ChromeDriver
Capabilities {acceptInsecureCerts: false, browserName: chrome, browserVersion: 87.0.4280.88, chrome: {chromedriverVersion: 87.0.4280.20 (c99e81631faa0..., userDataDir: C:\Users\User\AppData\Local...}, goog:chromeOptions: {debuggerAddress: localhost:1574}, javascriptEnabled: true, networkConnectionEnabled: false, pageLoadStrategy: normal, platform: WINDOWS, platformName: WINDOWS, proxy: Proxy(), setWindowRect: true, strictFileInteractability: false, timeouts: {implicit: 0, pageLoad: 300000, script: 30000}, unhandledPromptBehavior: dismiss and notify, webauthn:virtualAuthenticators: true}
Session ID: d587c82f0bed3eb52f01f63223c51915">
      <![CDATA[org.openqa.selenium.StaleElementReferenceException: stale element reference: element is not attached to the page document
  (Session info: chrome=87.0.4280.88)
For documentation on this error, please visit: https://www.seleniumhq.org/exceptions/stale_element_reference.html
Build info: version: '3.141.59', revision: 'e82be7d358', time: '2018-11-14T08:17:03'
System info: host: 'USER-PC', ip: '192.168.139.1', os.name: 'Windows 7', os.arch: 'amd64', os.version: '6.1', java.version: '1.8.0_251'
Driver info: org.openqa.selenium.chrome.ChromeDriver
Capabilities {acceptInsecureCerts: false, browserName: chrome, browserVersion: 87.0.4280.88, chrome: {chromedriverVersion: 87.0.4280.20 (c99e81631faa0..., userDataDir: C:\Users\User\AppData\Local...}, goog:chromeOptions: {debuggerAddress: localhost:1574}, javascriptEnabled: true, networkConnectionEnabled: false, pageLoadStrategy: normal, platform: WINDOWS, platformName: WINDOWS, proxy: Proxy(), setWindowRect: true, strictFileInteractability: false, timeouts: {implicit: 0, pageLoad: 300000, script: 30000}, unhandledPromptBehavior: dismiss and notify, webauthn:virtualAuthenticators: true}
Session ID: d587c82f0bed3eb52f01f63223c51915
	at org.openqa.selenium.remote.http.W3CHttpResponseCodec.createException(W3CHttpResponseCodec.java:187)
	at org.openqa.selenium.remote.http.W3CHttpResponseCodec.decode(W3CHttpResponseCodec.java:122)
	at org.openqa.selenium.remote.http.W3CHttpResponseCodec.decode(W3CHttpResponseCodec.java:49)
	at org.openqa.selenium.remote.HttpCommandExecutor.execute(HttpCommandExecutor.java:158)
	at org.openqa.selenium.remote.service.DriverCommandExecutor.execute(DriverCommandExecutor.java:83)
	at org.openqa.selenium.remote.RemoteWebDriver.execute(RemoteWebDriver.java:552)
	at org.openqa.selenium.remote.RemoteWebElement.execute(RemoteWebElement.java:285)
	at org.openqa.selenium.remote.RemoteWebElement.click(RemoteWebElement.java:84)
	at org.openqa.selenium.support.pagefactory.internal.LocatingElementHandler.invoke(LocatingElementHandler.java:51)
	at com.sun.proxy.$Proxy12.click(Unknown Source)
	at com.vtiger.pageObjectRepository.LoginPage.login(LoginPage.java:45)
	at com.vtiger.genericlibrary.BaseTest.clickLogin(BaseTest.java:61)
	at java.util.concurrent.ThreadPoolExecutor.runWorker(Unknown Source)
	at java.util.concurrent.ThreadPoolExecutor$Worker.run(Unknown Source)
	at java.lang.Thread.run(Unknown Source)
... Removed 20 stack frames]]>
    </failure>
  </testcase> <!-- @BeforeMethod clickLogin -->
  <testcase name="@AfterClass closeBrowser" time="0.0" classname="com.vtiger.genericlibrary.BaseTest">
    <skipped/>
  </testcase> <!-- @AfterClass closeBrowser -->
  <testcase name="@AfterClass closeBrowser" time="0.0" classname="com.vtiger.genericlibrary.BaseTest">
    <skipped/>
  </testcase> <!-- @AfterClass closeBrowser -->
  <testcase name="@BeforeClass openBrowser" time="0.0" classname="com.vtiger.genericlibrary.BaseTest">
    <skipped/>
  </testcase> <!-- @BeforeClass openBrowser -->
  <testcase name="@BeforeClass openBrowser" time="0.0" classname="com.vtiger.genericlibrary.BaseTest">
    <skipped/>
  </testcase> <!-- @BeforeClass openBrowser -->
  <testcase name="@BeforeMethod clickLogin" time="0.0" classname="com.vtiger.genericlibrary.BaseTest">
    <skipped/>
  </testcase> <!-- @BeforeMethod clickLogin -->
  <testcase name="@BeforeMethod clickLogin" time="0.0" classname="com.vtiger.genericlibrary.BaseTest">
    <skipped/>
  </testcase> <!-- @BeforeMethod clickLogin -->
  <testcase name="@AfterClass closeBrowser" time="0.0" classname="com.vtiger.genericlibrary.BaseTest">
    <skipped/>
  </testcase> <!-- @AfterClass closeBrowser -->
  <testcase name="@BeforeClass openBrowser" time="0.0" classname="com.vtiger.genericlibrary.BaseTest">
    <skipped/>
  </testcase> <!-- @BeforeClass openBrowser -->
  <testcase name="@BeforeMethod clickLogin" time="0.0" classname="com.vtiger.genericlibrary.BaseTest">
    <skipped/>
  </testcase> <!-- @BeforeMethod clickLogin -->
  <testcase name="@AfterClass closeBrowser" time="0.0" classname="com.vtiger.genericlibrary.BaseTest">
    <skipped/>
  </testcase> <!-- @AfterClass closeBrowser -->
  <testcase name="@BeforeClass openBrowser" time="0.0" classname="com.vtiger.genericlibrary.BaseTest">
    <skipped/>
  </testcase> <!-- @BeforeClass openBrowser -->
  <testcase name="@BeforeMethod clickLogin" time="0.0" classname="com.vtiger.genericlibrary.BaseTest">
    <skipped/>
  </testcase> <!-- @BeforeMethod clickLogin -->
  <testcase name="@AfterClass closeBrowser" time="0.0" classname="com.vtiger.genericlibrary.BaseTest">
    <skipped/>
  </testcase> <!-- @AfterClass closeBrowser -->
  <testcase name="@BeforeClass openBrowser" time="0.0" classname="com.vtiger.genericlibrary.BaseTest">
    <skipped/>
  </testcase> <!-- @BeforeClass openBrowser -->
  <testcase name="@AfterClass closeBrowser" time="0.0" classname="com.vtiger.genericlibrary.BaseTest">
    <skipped/>
  </testcase> <!-- @AfterClass closeBrowser -->
  <testcase name="@BeforeClass openBrowser" time="0.0" classname="com.vtiger.genericlibrary.BaseTest">
    <skipped/>
  </testcase> <!-- @BeforeClass openBrowser -->
  <testcase name="@BeforeMethod clickLogin" time="0.0" classname="com.vtiger.genericlibrary.BaseTest">
    <skipped/>
  </testcase> <!-- @BeforeMethod clickLogin -->
  <testcase name="@BeforeMethod clickLogin" time="0.0" classname="com.vtiger.genericlibrary.BaseTest">
    <skipped/>
  </testcase> <!-- @BeforeMethod clickLogin -->
  <testcase name="@AfterClass closeBrowser" time="0.0" classname="com.vtiger.genericlibrary.BaseTest">
    <skipped/>
  </testcase> <!-- @AfterClass closeBrowser -->
  <testcase name="@BeforeClass openBrowser" time="0.0" classname="com.vtiger.genericlibrary.BaseTest">
    <skipped/>
  </testcase> <!-- @BeforeClass openBrowser -->
  <testcase name="@AfterClass closeBrowser" time="0.0" classname="com.vtiger.genericlibrary.BaseTest">
    <skipped/>
  </testcase> <!-- @AfterClass closeBrowser -->
  <testcase name="@BeforeClass openBrowser" time="0.0" classname="com.vtiger.genericlibrary.BaseTest">
    <skipped/>
  </testcase> <!-- @BeforeClass openBrowser -->
  <testcase name="@BeforeMethod clickLogin" time="0.0" classname="com.vtiger.genericlibrary.BaseTest">
    <skipped/>
  </testcase> <!-- @BeforeMethod clickLogin -->
  <testcase name="@BeforeMethod clickLogin" time="0.0" classname="com.vtiger.genericlibrary.BaseTest">
    <skipped/>
  </testcase> <!-- @BeforeMethod clickLogin -->
  <testcase name="@AfterClass closeBrowser" time="0.0" classname="com.vtiger.genericlibrary.BaseTest">
    <skipped/>
  </testcase> <!-- @AfterClass closeBrowser -->
  <testcase name="@AfterClass closeBrowser" time="0.0" classname="com.vtiger.genericlibrary.BaseTest">
    <skipped/>
  </testcase> <!-- @AfterClass closeBrowser -->
  <testcase name="@BeforeClass openBrowser" time="0.0" classname="com.vtiger.genericlibrary.BaseTest">
    <skipped/>
  </testcase> <!-- @BeforeClass openBrowser -->
  <testcase name="@BeforeMethod clickLogin" time="0.0" classname="com.vtiger.genericlibrary.BaseTest">
    <skipped/>
  </testcase> <!-- @BeforeMethod clickLogin -->
  <testcase name="@BeforeClass openBrowser" time="0.0" classname="com.vtiger.genericlibrary.BaseTest">
    <skipped/>
  </testcase> <!-- @BeforeClass openBrowser -->
  <testcase name="@BeforeMethod clickLogin" time="0.0" classname="com.vtiger.genericlibrary.BaseTest">
    <skipped/>
  </testcase> <!-- @BeforeMethod clickLogin -->
  <testcase name="@AfterClass closeBrowser" time="0.0" classname="com.vtiger.genericlibrary.BaseTest">
    <skipped/>
  </testcase> <!-- @AfterClass closeBrowser -->
  <testcase name="@BeforeClass openBrowser" time="0.0" classname="com.vtiger.genericlibrary.BaseTest">
    <skipped/>
  </testcase> <!-- @BeforeClass openBrowser -->
  <testcase name="@BeforeMethod clickLogin" time="0.0" classname="com.vtiger.genericlibrary.BaseTest">
    <skipped/>
  </testcase> <!-- @BeforeMethod clickLogin -->
  <testcase name="@AfterClass closeBrowser" time="0.0" classname="com.vtiger.genericlibrary.BaseTest">
    <skipped/>
  </testcase> <!-- @AfterClass closeBrowser -->
  <testcase name="@BeforeClass openBrowser" time="0.0" classname="com.vtiger.genericlibrary.BaseTest">
    <skipped/>
  </testcase> <!-- @BeforeClass openBrowser -->
  <testcase name="@AfterClass closeBrowser" time="0.0" classname="com.vtiger.genericlibrary.BaseTest">
    <skipped/>
  </testcase> <!-- @AfterClass closeBrowser -->
  <testcase name="@BeforeMethod clickLogin" time="0.0" classname="com.vtiger.genericlibrary.BaseTest">
    <skipped/>
  </testcase> <!-- @BeforeMethod clickLogin -->
  <testcase name="@BeforeClass openBrowser" time="0.0" classname="com.vtiger.genericlibrary.BaseTest">
    <skipped/>
  </testcase> <!-- @BeforeClass openBrowser -->
  <testcase name="@BeforeMethod clickLogin" time="0.0" classname="com.vtiger.genericlibrary.BaseTest">
    <skipped/>
  </testcase> <!-- @BeforeMethod clickLogin -->
  <testcase name="@AfterClass closeBrowser" time="0.0" classname="com.vtiger.genericlibrary.BaseTest">
    <skipped/>
  </testcase> <!-- @AfterClass closeBrowser -->
  <testcase name="@AfterClass closeBrowser" time="0.0" classname="com.vtiger.genericlibrary.BaseTest">
    <skipped/>
  </testcase> <!-- @AfterClass closeBrowser -->
  <testcase name="@BeforeClass openBrowser" time="0.0" classname="com.vtiger.genericlibrary.BaseTest">
    <skipped/>
  </testcase> <!-- @BeforeClass openBrowser -->
  <testcase name="@BeforeClass openBrowser" time="0.0" classname="com.vtiger.genericlibrary.BaseTest">
    <skipped/>
  </testcase> <!-- @BeforeClass openBrowser -->
  <testcase name="@BeforeMethod clickLogin" time="0.0" classname="com.vtiger.genericlibrary.BaseTest">
    <skipped/>
  </testcase> <!-- @BeforeMethod clickLogin -->
  <testcase name="@AfterClass closeBrowser" time="0.0" classname="com.vtiger.genericlibrary.BaseTest">
    <skipped/>
  </testcase> <!-- @AfterClass closeBrowser -->
  <testcase name="@BeforeClass openBrowser" time="0.0" classname="com.vtiger.genericlibrary.BaseTest">
    <skipped/>
  </testcase> <!-- @BeforeClass openBrowser -->
  <testcase name="@BeforeMethod clickLogin" time="0.0" classname="com.vtiger.genericlibrary.BaseTest">
    <skipped/>
  </testcase> <!-- @BeforeMethod clickLogin -->
  <testcase name="@AfterClass closeBrowser" time="0.0" classname="com.vtiger.genericlibrary.BaseTest">
    <skipped/>
  </testcase> <!-- @AfterClass closeBrowser -->
  <testcase name="@BeforeMethod clickLogin" time="0.0" classname="com.vtiger.genericlibrary.BaseTest">
    <skipped/>
  </testcase> <!-- @BeforeMethod clickLogin -->
  <testcase name="@AfterClass closeBrowser" time="0.0" classname="com.vtiger.genericlibrary.BaseTest">
    <skipped/>
  </testcase> <!-- @AfterClass closeBrowser -->
  <testcase name="@BeforeClass openBrowser" time="0.0" classname="com.vtiger.genericlibrary.BaseTest">
    <skipped/>
  </testcase> <!-- @BeforeClass openBrowser -->
  <testcase name="@BeforeMethod clickLogin" time="0.0" classname="com.vtiger.genericlibrary.BaseTest">
    <skipped/>
  </testcase> <!-- @BeforeMethod clickLogin -->
  <testcase name="@AfterClass closeBrowser" time="0.0" classname="com.vtiger.genericlibrary.BaseTest">
    <skipped/>
  </testcase> <!-- @AfterClass closeBrowser -->
  <testcase name="@BeforeClass openBrowser" time="0.0" classname="com.vtiger.genericlibrary.BaseTest">
    <skipped/>
  </testcase> <!-- @BeforeClass openBrowser -->
  <testcase name="@BeforeMethod clickLogin" time="0.0" classname="com.vtiger.genericlibrary.BaseTest">
    <skipped/>
  </testcase> <!-- @BeforeMethod clickLogin -->
  <testcase name="@AfterClass closeBrowser" time="0.0" classname="com.vtiger.genericlibrary.BaseTest">
    <skipped/>
  </testcase> <!-- @AfterClass closeBrowser -->
  <testcase name="@BeforeClass openBrowser" time="0.0" classname="com.vtiger.genericlibrary.BaseTest">
    <skipped/>
  </testcase> <!-- @BeforeClass openBrowser -->
  <testcase name="@BeforeMethod clickLogin" time="0.0" classname="com.vtiger.genericlibrary.BaseTest">
    <skipped/>
  </testcase> <!-- @BeforeMethod clickLogin -->
  <testcase name="@BeforeClass openBrowser" time="0.0" classname="com.vtiger.genericlibrary.BaseTest">
    <skipped/>
  </testcase> <!-- @BeforeClass openBrowser -->
  <testcase name="@AfterClass closeBrowser" time="0.0" classname="com.vtiger.genericlibrary.BaseTest">
    <skipped/>
  </testcase> <!-- @AfterClass closeBrowser -->
  <testcase name="@BeforeClass openBrowser" time="0.0" classname="com.vtiger.genericlibrary.BaseTest">
    <skipped/>
  </testcase> <!-- @BeforeClass openBrowser -->
  <testcase name="@BeforeMethod clickLogin" time="0.0" classname="com.vtiger.genericlibrary.BaseTest">
    <skipped/>
  </testcase> <!-- @BeforeMethod clickLogin -->
  <testcase name="@AfterClass closeBrowser" time="0.0" classname="com.vtiger.genericlibrary.BaseTest">
    <skipped/>
  </testcase> <!-- @AfterClass closeBrowser -->
  <testcase name="@BeforeClass openBrowser" time="0.0" classname="com.vtiger.genericlibrary.BaseTest">
    <skipped/>
  </testcase> <!-- @BeforeClass openBrowser -->
  <testcase name="@BeforeMethod clickLogin" time="0.0" classname="com.vtiger.genericlibrary.BaseTest">
    <skipped/>
  </testcase> <!-- @BeforeMethod clickLogin -->
  <testcase name="@AfterClass closeBrowser" time="0.0" classname="com.vtiger.genericlibrary.BaseTest">
    <skipped/>
  </testcase> <!-- @AfterClass closeBrowser -->
  <testcase name="@BeforeMethod clickLogin" time="0.0" classname="com.vtiger.genericlibrary.BaseTest">
    <skipped/>
  </testcase> <!-- @BeforeMethod clickLogin -->
  <testcase name="@AfterClass closeBrowser" time="0.0" classname="com.vtiger.genericlibrary.BaseTest">
    <skipped/>
  </testcase> <!-- @AfterClass closeBrowser -->
  <testcase name="@BeforeClass openBrowser" time="0.0" classname="com.vtiger.genericlibrary.BaseTest">
    <skipped/>
  </testcase> <!-- @BeforeClass openBrowser -->
  <testcase name="@BeforeMethod clickLogin" time="0.0" classname="com.vtiger.genericlibrary.BaseTest">
    <skipped/>
  </testcase> <!-- @BeforeMethod clickLogin -->
  <testcase name="@BeforeClass openBrowser" time="0.0" classname="com.vtiger.genericlibrary.BaseTest">
    <skipped/>
  </testcase> <!-- @BeforeClass openBrowser -->
  <testcase name="@BeforeMethod clickLogin" time="0.0" classname="com.vtiger.genericlibrary.BaseTest">
    <skipped/>
  </testcase> <!-- @BeforeMethod clickLogin -->
  <testcase name="@AfterClass closeBrowser" time="0.0" classname="com.vtiger.genericlibrary.BaseTest">
    <skipped/>
  </testcase> <!-- @AfterClass closeBrowser -->
  <testcase name="@BeforeClass openBrowser" time="0.0" classname="com.vtiger.genericlibrary.BaseTest">
    <skipped/>
  </testcase> <!-- @BeforeClass openBrowser -->
  <testcase name="@BeforeMethod clickLogin" time="0.0" classname="com.vtiger.genericlibrary.BaseTest">
    <skipped/>
  </testcase> <!-- @BeforeMethod clickLogin -->
  <testcase name="@AfterClass closeBrowser" time="0.0" classname="com.vtiger.genericlibrary.BaseTest">
    <skipped/>
  </testcase> <!-- @AfterClass closeBrowser -->
  <testcase name="@AfterClass closeBrowser" time="0.0" classname="com.vtiger.genericlibrary.BaseTest">
    <skipped/>
  </testcase> <!-- @AfterClass closeBrowser -->
  <testcase name="@BeforeMethod clickLogin" time="1.799" classname="com.vtiger.genericlibrary.BaseTest">
    <failure type="org.openqa.selenium.StaleElementReferenceException" message="stale element reference: element is not attached to the page document
  (Session info: chrome=87.0.4280.88)
For documentation on this error, please visit: https://www.seleniumhq.org/exceptions/stale_element_reference.html
Build info: version: &amp;apos;3.141.59&amp;apos;, revision: &amp;apos;e82be7d358&amp;apos;, time: &amp;apos;2018-11-14T08:17:03&amp;apos;
System info: host: &amp;apos;USER-PC&amp;apos;, ip: &amp;apos;192.168.139.1&amp;apos;, os.name: &amp;apos;Windows 7&amp;apos;, os.arch: &amp;apos;amd64&amp;apos;, os.version: &amp;apos;6.1&amp;apos;, java.version: &amp;apos;1.8.0_251&amp;apos;
Driver info: org.openqa.selenium.chrome.ChromeDriver
Capabilities {acceptInsecureCerts: false, browserName: chrome, browserVersion: 87.0.4280.88, chrome: {chromedriverVersion: 87.0.4280.20 (c99e81631faa0..., userDataDir: C:\Users\User\AppData\Local...}, goog:chromeOptions: {debuggerAddress: localhost:1574}, javascriptEnabled: true, networkConnectionEnabled: false, pageLoadStrategy: normal, platform: WINDOWS, platformName: WINDOWS, proxy: Proxy(), setWindowRect: true, strictFileInteractability: false, timeouts: {implicit: 0, pageLoad: 300000, script: 30000}, unhandledPromptBehavior: dismiss and notify, webauthn:virtualAuthenticators: true}
Session ID: d587c82f0bed3eb52f01f63223c51915">
      <![CDATA[org.openqa.selenium.StaleElementReferenceException: stale element reference: element is not attached to the page document
  (Session info: chrome=87.0.4280.88)
For documentation on this error, please visit: https://www.seleniumhq.org/exceptions/stale_element_reference.html
Build info: version: '3.141.59', revision: 'e82be7d358', time: '2018-11-14T08:17:03'
System info: host: 'USER-PC', ip: '192.168.139.1', os.name: 'Windows 7', os.arch: 'amd64', os.version: '6.1', java.version: '1.8.0_251'
Driver info: org.openqa.selenium.chrome.ChromeDriver
Capabilities {acceptInsecureCerts: false, browserName: chrome, browserVersion: 87.0.4280.88, chrome: {chromedriverVersion: 87.0.4280.20 (c99e81631faa0..., userDataDir: C:\Users\User\AppData\Local...}, goog:chromeOptions: {debuggerAddress: localhost:1574}, javascriptEnabled: true, networkConnectionEnabled: false, pageLoadStrategy: normal, platform: WINDOWS, platformName: WINDOWS, proxy: Proxy(), setWindowRect: true, strictFileInteractability: false, timeouts: {implicit: 0, pageLoad: 300000, script: 30000}, unhandledPromptBehavior: dismiss and notify, webauthn:virtualAuthenticators: true}
Session ID: d587c82f0bed3eb52f01f63223c51915
	at org.openqa.selenium.remote.http.W3CHttpResponseCodec.createException(W3CHttpResponseCodec.java:187)
	at org.openqa.selenium.remote.http.W3CHttpResponseCodec.decode(W3CHttpResponseCodec.java:122)
	at org.openqa.selenium.remote.http.W3CHttpResponseCodec.decode(W3CHttpResponseCodec.java:49)
	at org.openqa.selenium.remote.HttpCommandExecutor.execute(HttpCommandExecutor.java:158)
	at org.openqa.selenium.remote.service.DriverCommandExecutor.execute(DriverCommandExecutor.java:83)
	at org.openqa.selenium.remote.RemoteWebDriver.execute(RemoteWebDriver.java:552)
	at org.openqa.selenium.remote.RemoteWebElement.execute(RemoteWebElement.java:285)
	at org.openqa.selenium.remote.RemoteWebElement.sendKeys(RemoteWebElement.java:106)
	at org.openqa.selenium.support.pagefactory.internal.LocatingElementHandler.invoke(LocatingElementHandler.java:51)
	at com.sun.proxy.$Proxy12.sendKeys(Unknown Source)
	at com.vtiger.pageObjectRepository.LoginPage.login(LoginPage.java:44)
	at com.vtiger.genericlibrary.BaseTest.clickLogin(BaseTest.java:61)
	at java.util.concurrent.ThreadPoolExecutor.runWorker(Unknown Source)
	at java.util.concurrent.ThreadPoolExecutor$Worker.run(Unknown Source)
	at java.lang.Thread.run(Unknown Source)
... Removed 20 stack frames]]>
    </failure>
  </testcase> <!-- @BeforeMethod clickLogin -->
  <testcase name="@AfterClass closeBrowser" time="0.0" classname="com.vtiger.genericlibrary.BaseTest">
    <skipped/>
  </testcase> <!-- @AfterClass closeBrowser -->
  <testcase name="@BeforeMethod clickLogin" time="24.41" classname="com.vtiger.genericlibrary.BaseTest">
    <failure type="org.openqa.selenium.TimeoutException" message="Expected condition failed: waiting for title to contain &amp;quot;Administrator - Home - vtiger CRM 5 - Commercial Open Source CRM&amp;quot;. Current title: &amp;quot;vtiger CRM 5 - Commercial Open Source CRM&amp;quot; (tried for 20 second(s) with 500 milliseconds interval)
Build info: version: &amp;apos;3.141.59&amp;apos;, revision: &amp;apos;e82be7d358&amp;apos;, time: &amp;apos;2018-11-14T08:17:03&amp;apos;
System info: host: &amp;apos;USER-PC&amp;apos;, ip: &amp;apos;192.168.139.1&amp;apos;, os.name: &amp;apos;Windows 7&amp;apos;, os.arch: &amp;apos;amd64&amp;apos;, os.version: &amp;apos;6.1&amp;apos;, java.version: &amp;apos;1.8.0_251&amp;apos;
Driver info: org.openqa.selenium.chrome.ChromeDriver
Capabilities {acceptInsecureCerts: false, browserName: chrome, browserVersion: 87.0.4280.88, chrome: {chromedriverVersion: 87.0.4280.20 (c99e81631faa0..., userDataDir: C:\Users\User\AppData\Local...}, goog:chromeOptions: {debuggerAddress: localhost:1574}, javascriptEnabled: true, networkConnectionEnabled: false, pageLoadStrategy: normal, platform: WINDOWS, platformName: WINDOWS, proxy: Proxy(), setWindowRect: true, strictFileInteractability: false, timeouts: {implicit: 0, pageLoad: 300000, script: 30000}, unhandledPromptBehavior: dismiss and notify, webauthn:virtualAuthenticators: true}
Session ID: d587c82f0bed3eb52f01f63223c51915">
      <![CDATA[org.openqa.selenium.TimeoutException: Expected condition failed: waiting for title to contain "Administrator - Home - vtiger CRM 5 - Commercial Open Source CRM". Current title: "vtiger CRM 5 - Commercial Open Source CRM" (tried for 20 second(s) with 500 milliseconds interval)
Build info: version: '3.141.59', revision: 'e82be7d358', time: '2018-11-14T08:17:03'
System info: host: 'USER-PC', ip: '192.168.139.1', os.name: 'Windows 7', os.arch: 'amd64', os.version: '6.1', java.version: '1.8.0_251'
Driver info: org.openqa.selenium.chrome.ChromeDriver
Capabilities {acceptInsecureCerts: false, browserName: chrome, browserVersion: 87.0.4280.88, chrome: {chromedriverVersion: 87.0.4280.20 (c99e81631faa0..., userDataDir: C:\Users\User\AppData\Local...}, goog:chromeOptions: {debuggerAddress: localhost:1574}, javascriptEnabled: true, networkConnectionEnabled: false, pageLoadStrategy: normal, platform: WINDOWS, platformName: WINDOWS, proxy: Proxy(), setWindowRect: true, strictFileInteractability: false, timeouts: {implicit: 0, pageLoad: 300000, script: 30000}, unhandledPromptBehavior: dismiss and notify, webauthn:virtualAuthenticators: true}
Session ID: d587c82f0bed3eb52f01f63223c51915
	at org.openqa.selenium.support.ui.WebDriverWait.timeoutException(WebDriverWait.java:95)
	at org.openqa.selenium.support.ui.FluentWait.until(FluentWait.java:272)
	at com.vtiger.genericlibrary.WebDriverCommonLib.waitForPage(WebDriverCommonLib.java:35)
	at com.vtiger.genericlibrary.BaseTest.clickLogin(BaseTest.java:62)
	at java.util.concurrent.ThreadPoolExecutor.runWorker(Unknown Source)
	at java.util.concurrent.ThreadPoolExecutor$Worker.run(Unknown Source)
	at java.lang.Thread.run(Unknown Source)
... Removed 12 stack frames]]>
    </failure>
  </testcase> <!-- @BeforeMethod clickLogin -->
  <testcase name="@AfterClass closeBrowser" time="0.0" classname="com.vtiger.genericlibrary.BaseTest">
    <skipped/>
  </testcase> <!-- @AfterClass closeBrowser -->
  <testcase name="@BeforeMethod clickLogin" time="25.08" classname="com.vtiger.genericlibrary.BaseTest">
    <failure type="org.openqa.selenium.TimeoutException" message="Expected condition failed: waiting for title to contain &amp;quot;Administrator - Home - vtiger CRM 5 - Commercial Open Source CRM&amp;quot;. Current title: &amp;quot;vtiger CRM 5 - Commercial Open Source CRM&amp;quot; (tried for 20 second(s) with 500 milliseconds interval)
Build info: version: &amp;apos;3.141.59&amp;apos;, revision: &amp;apos;e82be7d358&amp;apos;, time: &amp;apos;2018-11-14T08:17:03&amp;apos;
System info: host: &amp;apos;USER-PC&amp;apos;, ip: &amp;apos;192.168.139.1&amp;apos;, os.name: &amp;apos;Windows 7&amp;apos;, os.arch: &amp;apos;amd64&amp;apos;, os.version: &amp;apos;6.1&amp;apos;, java.version: &amp;apos;1.8.0_251&amp;apos;
Driver info: org.openqa.selenium.chrome.ChromeDriver
Capabilities {acceptInsecureCerts: false, browserName: chrome, browserVersion: 87.0.4280.88, chrome: {chromedriverVersion: 87.0.4280.20 (c99e81631faa0..., userDataDir: C:\Users\User\AppData\Local...}, goog:chromeOptions: {debuggerAddress: localhost:1574}, javascriptEnabled: true, networkConnectionEnabled: false, pageLoadStrategy: normal, platform: WINDOWS, platformName: WINDOWS, proxy: Proxy(), setWindowRect: true, strictFileInteractability: false, timeouts: {implicit: 0, pageLoad: 300000, script: 30000}, unhandledPromptBehavior: dismiss and notify, webauthn:virtualAuthenticators: true}
Session ID: d587c82f0bed3eb52f01f63223c51915">
      <![CDATA[org.openqa.selenium.TimeoutException: Expected condition failed: waiting for title to contain "Administrator - Home - vtiger CRM 5 - Commercial Open Source CRM". Current title: "vtiger CRM 5 - Commercial Open Source CRM" (tried for 20 second(s) with 500 milliseconds interval)
Build info: version: '3.141.59', revision: 'e82be7d358', time: '2018-11-14T08:17:03'
System info: host: 'USER-PC', ip: '192.168.139.1', os.name: 'Windows 7', os.arch: 'amd64', os.version: '6.1', java.version: '1.8.0_251'
Driver info: org.openqa.selenium.chrome.ChromeDriver
Capabilities {acceptInsecureCerts: false, browserName: chrome, browserVersion: 87.0.4280.88, chrome: {chromedriverVersion: 87.0.4280.20 (c99e81631faa0..., userDataDir: C:\Users\User\AppData\Local...}, goog:chromeOptions: {debuggerAddress: localhost:1574}, javascriptEnabled: true, networkConnectionEnabled: false, pageLoadStrategy: normal, platform: WINDOWS, platformName: WINDOWS, proxy: Proxy(), setWindowRect: true, strictFileInteractability: false, timeouts: {implicit: 0, pageLoad: 300000, script: 30000}, unhandledPromptBehavior: dismiss and notify, webauthn:virtualAuthenticators: true}
Session ID: d587c82f0bed3eb52f01f63223c51915
	at org.openqa.selenium.support.ui.WebDriverWait.timeoutException(WebDriverWait.java:95)
	at org.openqa.selenium.support.ui.FluentWait.until(FluentWait.java:272)
	at com.vtiger.genericlibrary.WebDriverCommonLib.waitForPage(WebDriverCommonLib.java:35)
	at com.vtiger.genericlibrary.BaseTest.clickLogin(BaseTest.java:62)
	at java.util.concurrent.ThreadPoolExecutor.runWorker(Unknown Source)
	at java.util.concurrent.ThreadPoolExecutor$Worker.run(Unknown Source)
	at java.lang.Thread.run(Unknown Source)
... Removed 12 stack frames]]>
    </failure>
  </testcase> <!-- @BeforeMethod clickLogin -->
  <testcase name="@AfterClass closeBrowser" time="0.0" classname="com.vtiger.genericlibrary.BaseTest">
    <skipped/>
  </testcase> <!-- @AfterClass closeBrowser -->
  <testcase name="deleteProductPB" time="0.018" classname="vtiger_maven.test_scripts.DeleteProductFromPriceBookTest">
    <skipped/>
  </testcase> <!-- deleteProductPB -->
  <testcase name="addCustomFieldLayout" time="0.014" classname="vtiger_maven.test_scripts.CreateDateInformationInLayoutEditorTest">
    <skipped/>
  </testcase> <!-- addCustomFieldLayout -->
  <testcase name="addServicePB" time="0.0" classname="vtiger_maven.test_scripts.AddServiceToPriceBookTest">
    <skipped/>
  </testcase> <!-- addServicePB -->
  <testcase name="quickCreate" time="0.0" classname="vtiger_maven.test_scripts.QuickCreateNewPBTest">
    <skipped/>
  </testcase> <!-- quickCreate -->
  <testcase name="editCustomFliter" time="0.0" classname="vtiger_maven.test_scripts.EditCustomFilterTest">
    <skipped/>
  </testcase> <!-- editCustomFliter -->
  <testcase name="deleteServicePB" time="0.0" classname="vtiger_maven.test_scripts.DeleteServiceFromPriceBookTest">
    <skipped/>
  </testcase> <!-- deleteServicePB -->
  <testcase name="editServicePrice" time="0.0" classname="vtiger_maven.test_scripts.EditPriceOfTheServiceInPriceBookTest">
    <skipped/>
  </testcase> <!-- editServicePrice -->
  <testcase name="deleteFilterInList" time="0.0" classname="vtiger_maven.test_scripts.DeleteFilterTest">
    <skipped/>
  </testcase> <!-- deleteFilterInList -->
  <testcase name="advanceSearch" time="0.0" classname="vtiger_maven.test_scripts.AdvanceSearchInPriceBookTest">
    <skipped/>
  </testcase> <!-- advanceSearch -->
  <testcase name="addPickListToCustomField" time="0.0" classname="vtiger_maven.test_scripts.CreatePickListInCoustomFieldTest">
    <skipped/>
  </testcase> <!-- addPickListToCustomField -->
  <testcase name="deleteBlockInLayout" time="0.0" classname="vtiger_maven.test_scripts.DeleteBlockINLayoutSettingTest">
    <skipped/>
  </testcase> <!-- deleteBlockInLayout -->
  <testcase name="searchPB" time="0.0" classname="vtiger_maven.test_scripts.SearchPriceBookBySearchOptionTest">
    <skipped/>
  </testcase> <!-- searchPB -->
  <testcase name="editViewFilter" time="0.0" classname="vtiger_maven.test_scripts.EditCustomeViewFilterTest">
    <skipped/>
  </testcase> <!-- editViewFilter -->
  <testcase name="addProductPB" time="0.0" classname="vtiger_maven.test_scripts.AddProductToPriceBookTest">
    <skipped/>
  </testcase> <!-- addProductPB -->
  <testcase name="alphaSearch" time="0.0" classname="vtiger_maven.test_scripts.AlphabeticalSearchOfPriceBookTest">
    <skipped/>
  </testcase> <!-- alphaSearch -->
  <testcase name="addNewBlock" time="0.0" classname="vtiger_maven.test_scripts.AddBlockInLayoutEditorSettingTest">
    <skipped/>
  </testcase> <!-- addNewBlock -->
  <testcase name="multiSearch" time="0.0" classname="vtiger_maven.test_scripts.AdvanceMultipleSearchInPriceBookTest">
    <skipped/>
  </testcase> <!-- multiSearch -->
  <testcase name="jumpToDiffPB" time="0.0" classname="vtiger_maven.test_scripts.JumpToDifferentPriceBookTest">
    <skipped/>
  </testcase> <!-- jumpToDiffPB -->
  <testcase name="createNewPB" time="0.0" classname="vtiger_maven.test_scripts.CreateNewPriceBookTest">
    <skipped/>
  </testcase> <!-- createNewPB -->
  <testcase name="addNewFilter" time="0.001" classname="vtiger_maven.test_scripts.CreateNewFilterTest">
    <skipped/>
  </testcase> <!-- addNewFilter -->
  <testcase name="createDuplicatePB" time="0.0" classname="vtiger_maven.test_scripts.DuplicateThePriceBookTest">
    <skipped/>
  </testcase> <!-- createDuplicatePB -->
  <testcase name="editCustomField" time="0.0" classname="vtiger_maven.test_scripts.EditCustomFieldInLayoutSettingTest">
    <skipped/>
  </testcase> <!-- editCustomField -->
  <testcase name="rearrangePB" time="0.0" classname="vtiger_maven.test_scripts.RearrangeOrderOfPriceBookTest">
    <skipped/>
  </testcase> <!-- rearrangePB -->
  <testcase name="cancleEditViewPB" time="0.0" classname="vtiger_maven.test_scripts.CancleTheEditOnRecentlyViewedPBTest">
    <skipped/>
  </testcase> <!-- cancleEditViewPB -->
  <testcase name="editPBInformation" time="0.0" classname="vtiger_maven.test_scripts.EditPriceBookInformationTest">
    <skipped/>
  </testcase> <!-- editPBInformation -->
  <testcase name="deletePB" time="0.0" classname="vtiger_maven.test_scripts.DeletePriceBookTest">
    <skipped/>
  </testcase> <!-- deletePB -->
  <testcase name="editRecentView" time="0.001" classname="vtiger_maven.test_scripts.EditRecentlyViewedPriceBookTest">
    <skipped/>
  </testcase> <!-- editRecentView -->
  <testcase name="massEditPB" time="0.0" classname="vtiger_maven.test_scripts.MassEditPriceBooksTest">
    <skipped/>
  </testcase> <!-- massEditPB -->
  <testcase name="editProductPrice" time="0.0" classname="vtiger_maven.test_scripts.EditPriceOfTheProductInPriceBookTest">
    <skipped/>
  </testcase> <!-- editProductPrice -->
  <testcase name="lastViewPB" time="0.0" classname="vtiger_maven.test_scripts.FindLastViewedPriceBookTest">
    <skipped/>
  </testcase> <!-- lastViewPB -->
</testsuite> <!-- Test -->
